<?xml version="1.0" encoding="UTF-8"?>
<!-- Generated by org.testng.reporters.JUnitReportReporter -->
<testsuite hostname="MacBook-Air-von-Sandeep.local" failures="0" tests="1" name="facebook.test.Login_Facebook" time="10.268" errors="0" timestamp="2025-01-23T11:53:50 CET" skipped="0">
  <testcase classname="facebook.test.Login_Facebook" name="loginwithrightcredentials" time="10.268"/>
  <system-out/>
</testsuite> <!-- facebook.test.Login_Facebook -->
