<?xml version="1.0" encoding="UTF-8"?>
<!-- Generated by org.testng.reporters.JUnitReportReporter -->
<testsuite hostname="MacBook-Air-von-Sandeep.local" failures="0" tests="1" name="amazon_package.Amazon_Project.TestCase3_Registration_login" time="15.568" errors="0" timestamp="2025-01-23T22:29:32 CET" skipped="0">
  <testcase classname="amazon_package.Amazon_Project.TestCase3_Registration_login" name="Registration_login" time="15.568"/>
  <system-out/>
</testsuite> <!-- amazon_package.Amazon_Project.TestCase3_Registration_login -->
