<?xml version="1.0" encoding="UTF-8"?>
<!-- Generated by org.testng.reporters.JUnitReportReporter -->
<testsuite hostname="MacBook-Air-von-Sandeep.local" failures="0" tests="1" name="amazon_package.Amazon_Project.TestCase3_Login_Addtowishlist_Removefromwishlist_Logout" time="58.773" errors="0" timestamp="2025-01-22T23:32:11 CET" skipped="0">
  <testcase classname="amazon_package.Amazon_Project.TestCase3_Login_Addtowishlist_Removefromwishlist_Logout" name="Login_Addtowishlist_Removefromwishlist_Logout" time="58.773"/>
  <system-out/>
</testsuite> <!-- amazon_package.Amazon_Project.TestCase3_Login_Addtowishlist_Removefromwishlist_Logout -->
